<?xml version="1.0" encoding="UTF-8" ?>
<testsuite errors="1" failures="0" hostname="hrafnkell-laptop" name="is.marshmallow.TestRunner" tests="1" time="20.212" timestamp="2011-11-28T00:09:36">
  <properties>
    <property name="java.vendor" value="Oracle Corporation" />
    <property name="sun.java.launcher" value="SUN_STANDARD" />
    <property name="sun.management.compiler" value="HotSpot Tiered Compilers" />
    <property name="maven.build.srcDir.0" value="src/main/java" />
    <property name="os.name" value="Linux" />
    <property name="sun.boot.class.path" value="/usr/java/jdk1.7.0_01/jre/lib/resources.jar:/usr/java/jdk1.7.0_01/jre/lib/rt.jar:/usr/java/jdk1.7.0_01/jre/lib/sunrsasign.jar:/usr/java/jdk1.7.0_01/jre/lib/jsse.jar:/usr/java/jdk1.7.0_01/jre/lib/jce.jar:/usr/java/jdk1.7.0_01/jre/lib/charsets.jar:/usr/java/jdk1.7.0_01/jre/classes" />
    <property name="sun.desktop" value="gnome" />
    <property name="java.vm.specification.vendor" value="Oracle Corporation" />
    <property name="ant.home" value="/usr/share/ant" />
    <property name="java.runtime.version" value="1.7.0_01-b08" />
    <property name="maven.build.resourceDir.0" value="src/main/resources" />
    <property name="project.build.sourceEncoding" value="UTF-8" />
    <property name="user.name" value="hrafnkell" />
    <property name="ant.file.type.Mylla-from-maven" value="file" />
    <property name="maven.build.outputDir" value="target/../user.home" />
    <property name="ant.file.type.Mylla" value="file" />
    <property name="maven.repo.local" value="/home/hrafnkell/.m2/repository" />
    <property name="maven.build.finalName" value="Mylla-1.1" />
    <property name="maven.build.testDir.0" value="src/test/java" />
    <property name="user.language" value="is" />
    <property name="ant.file.Mylla" value="/home/hrafnkell/Mylla/Mylla/build.xml" />
    <property name="sun.boot.library.path" value="/usr/java/jdk1.7.0_01/jre/lib/i386" />
    <property name="ant.project.default-target" value="package" />
    <property name="maven.reporting.outputDirectory" value="target/site" />
    <property name="ant.project.name" value="Mylla" />
    <property name="java.version" value="1.7.0_01" />
    <property name="user.timezone" value="" />
    <property name="sun.arch.data.model" value="32" />
    <property name="java.endorsed.dirs" value="/usr/java/jdk1.7.0_01/jre/lib/endorsed" />
    <property name="sun.cpu.isalist" value="" />
    <property name="sun.jnu.encoding" value="UTF-8" />
    <property name="file.encoding.pkg" value="sun.io" />
    <property name="file.separator" value="/" />
    <property name="java.specification.name" value="Java Platform API Specification" />
    <property name="java.class.version" value="51.0" />
    <property name="user.country" value="IS" />
    <property name="java.home" value="/usr/java/jdk1.7.0_01/jre" />
    <property name="java.vm.info" value="mixed mode" />
    <property name="ant.file" value="/home/hrafnkell/Mylla/Mylla/build.xml" />
    <property name="os.version" value="3.1.2-1.fc16.i686.PAE" />
    <property name="maven.build.testOutputDir" value="target/test-classes" />
    <property name="path.separator" value=":" />
    <property name="java.vm.version" value="21.1-b02" />
    <property name="maven.build.dir" value="target" />
    <property name="maven.test.reports" value="target/test-reports" />
    <property name="ant.library.dir" value="/usr/share/ant/lib" />
    <property name="java.awt.printerjob" value="sun.print.PSPrinterJob" />
    <property name="sun.io.unicode.encoding" value="UnicodeLittle" />
    <property name="awt.toolkit" value="sun.awt.X11.XToolkit" />
    <property name="project.build.outputDirectory" value="target/../user.home" />
    <property name="user.home" value="/home/hrafnkell" />
    <property name="java.specification.vendor" value="Oracle Corporation" />
    <property name="java.library.path" value="/usr/java/packages/lib/i386:/lib:/usr/lib" />
    <property name="java.vendor.url" value="http://java.oracle.com/" />
    <property name="maven.settings.offline" value="false" />
    <property name="java.vm.vendor" value="Oracle Corporation" />
    <property name="maven.settings.interactiveMode" value="true" />
    <property name="java.runtime.name" value="Java(TM) SE Runtime Environment" />
    <property name="sun.java.command" value="org.apache.tools.ant.taskdefs.optional.junit.JUnitTestRunner is.marshmallow.TestRunner filtertrace=true haltOnError=true haltOnFailure=true formatter=org.apache.tools.ant.taskdefs.optional.junit.SummaryJUnitResultFormatter showoutput=false outputtoformatters=true logfailedtests=true logtestlistenerevents=false formatter=org.apache.tools.ant.taskdefs.optional.junit.XMLJUnitResultFormatter,/home/hrafnkell/Mylla/Mylla/target/test-reports/TEST-is.marshmallow.TestRunner.xml formatter=org.apache.tools.ant.taskdefs.optional.junit.PlainJUnitResultFormatter crashfile=/home/hrafnkell/Mylla/Mylla/junitvmwatcher2586012827282597522.properties propsfile=/home/hrafnkell/Mylla/Mylla/junit4077822889863738954.properties" />
    <property name="java.class.path" value="/home/hrafnkell/.m2/repository/junit/junit/4.0/junit-4.0.jar:/home/hrafnkell/Mylla/Mylla/user.home:/home/hrafnkell/Mylla/Mylla/target/test-classes:/usr/share/java/junit4-4.8.2.jar:/usr/share/java/ant-launcher.jar:/usr/share/java/ant.jar:/usr/share/java/ant/ant-junit.jar" />
    <property name="ant.version" value="Apache Ant(TM) version 1.8.2 compiled on July 6 2011" />
    <property name="project.build.directory" value="target" />
    <property name="java.vm.specification.name" value="Java Virtual Machine Specification" />
    <property name="ant.file.type" value="file" />
    <property name="java.vm.specification.version" value="1.7" />
    <property name="sun.cpu.endian" value="little" />
    <property name="sun.os.patch.level" value="unknown" />
    <property name="java.io.tmpdir" value="/tmp" />
    <property name="junit.present" value="true" />
    <property name="java.vendor.url.bug" value="http://bugreport.sun.com/bugreport/" />
    <property name="java.awt.graphicsenv" value="sun.awt.X11GraphicsEnvironment" />
    <property name="os.arch" value="i386" />
    <property name="ant.file.Mylla-from-maven" value="/home/hrafnkell/Mylla/Mylla/maven-build.xml" />
    <property name="maven.build.testResourceDir.0" value="src/test/resources" />
    <property name="java.ext.dirs" value="/usr/java/jdk1.7.0_01/jre/lib/ext:/usr/java/packages/lib/ext" />
    <property name="user.dir" value="/home/hrafnkell/Mylla/Mylla" />
    <property name="line.separator" value="&#xa;" />
    <property name="java.vm.name" value="Java HotSpot(TM) Server VM" />
    <property name="basedir" value="." />
    <property name="ant.java.version" value="1.7" />
    <property name="ant.core.lib" value="/usr/share/java/ant.jar" />
    <property name="file.encoding" value="UTF-8" />
    <property name="java.specification.version" value="1.7" />
    <property name="ant.project.invoked-targets" value="package" />
  </properties>
  <testcase classname="junit.framework.JUnit4TestCaseFacade" name="is.marshmallow.TestRunner" time="0.009">
    <error message="No runnable methods" type="java.lang.Exception">java.lang.Exception: No runnable methods
</error>
  </testcase>
  <system-out><![CDATA[]]></system-out>
  <system-err><![CDATA[]]></system-err>
</testsuite>
