<?xml version="1.0" encoding="UTF-8" ?>
<testsuite failures="0" time="0.056" errors="0" skipped="0" tests="7" name="is.marshmallow.TicTacToeTest">
  <properties>
    <property name="java.runtime.name" value="Java(TM) SE Runtime Environment"/>
    <property name="sun.boot.library.path" value="C:\jdk1.7.0\jre\bin"/>
    <property name="java.vm.version" value="21.0-b17"/>
    <property name="user.country.format" value="IS"/>
    <property name="java.vm.vendor" value="Oracle Corporation"/>
    <property name="java.vendor.url" value="http://java.oracle.com/"/>
    <property name="path.separator" value=";"/>
    <property name="java.vm.name" value="Java HotSpot(TM) Client VM"/>
    <property name="file.encoding.pkg" value="sun.io"/>
    <property name="user.script" value=""/>
    <property name="user.country" value="US"/>
    <property name="sun.java.launcher" value="SUN_STANDARD"/>
    <property name="sun.os.patch.level" value="Service Pack 1"/>
    <property name="java.vm.specification.name" value="Java Virtual Machine Specification"/>
    <property name="user.dir" value="C:\Users\Arnar\TTT\Mylla\Mylla"/>
    <property name="java.runtime.version" value="1.7.0-b147"/>
    <property name="java.awt.graphicsenv" value="sun.awt.Win32GraphicsEnvironment"/>
    <property name="basedir" value="C:\Users\Arnar\TTT\Mylla\Mylla"/>
    <property name="java.endorsed.dirs" value="C:\jdk1.7.0\jre\lib\endorsed"/>
    <property name="os.arch" value="x86"/>
    <property name="surefire.real.class.path" value="C:\Users\Arnar\TTT\Mylla\Mylla\target\surefire\surefirebooter6522556857889384616.jar"/>
    <property name="java.io.tmpdir" value="C:\Users\Arnar\AppData\Local\Temp\"/>
    <property name="line.separator" value="
"/>
    <property name="java.vm.specification.vendor" value="Oracle Corporation"/>
    <property name="user.variant" value=""/>
    <property name="os.name" value="Windows 7"/>
    <property name="sun.jnu.encoding" value="Cp1252"/>
    <property name="java.library.path" value="C:\jdk1.7.0\jre\bin;C:\windows\Sun\Java\bin;C:\windows\system32;C:\windows;C:\windows\system32;C:\windows;C:\windows\System32\Wbem;C:\windows\System32\WindowsPowerShell\v1.0\;C:\Program Files\Dell\DW WLAN Card;C:\Program Files (x86)\Common Files\Roxio Shared\DLLShared\;C:\Program Files\WIDCOMM\Bluetooth Software\;C:\Program Files\WIDCOMM\Bluetooth Software\syswow64;c:\jdk1.7.0\bin;c:\Program Files (x86)\Microsoft SQL Server\100\Tools\Binn\; c:\Program Files\Microsoft SQL Server\100\Tools\Binn\;c:\Program Files\Microsoft SQL Server\100\DTS\Binn\;C:\Program Files\CodeBlocks\MinGW\bin;C:\Windows\Microsoft.NET\Framework\v3.5;c:\Program Files (x86)\Microsoft SQL Server\100\DTS\Binn\;c:\Program Files (x86)\Microsoft SQL Server\100\Tools\Binn\VSShell\Common7\IDE\;C:\Program Files (x86)\QuickTime\QTSystem\;c:\play-1.2.3;c:\Junit\junit4.10\junit-4.10.jar;C:\Maven\apache-maven-3.0.3\bin;C:\Ruby193\bin;."/>
    <property name="surefire.test.class.path" value="C:\Users\Arnar\TTT\Mylla\Mylla\target\test-classes;C:\Users\Arnar\TTT\Mylla\Mylla\user.home;C:\Users\Arnar\.m2\repository\junit\junit\4.0\junit-4.0.jar;"/>
    <property name="java.specification.name" value="Java Platform API Specification"/>
    <property name="java.class.version" value="51.0"/>
    <property name="sun.management.compiler" value="HotSpot Client Compiler"/>
    <property name="os.version" value="6.1"/>
    <property name="user.home" value="C:\Users\Arnar"/>
    <property name="user.timezone" value=""/>
    <property name="java.awt.printerjob" value="sun.awt.windows.WPrinterJob"/>
    <property name="java.specification.version" value="1.7"/>
    <property name="file.encoding" value="Cp1252"/>
    <property name="user.name" value="Arnar"/>
    <property name="java.class.path" value="C:\Users\Arnar\TTT\Mylla\Mylla\target\test-classes;C:\Users\Arnar\TTT\Mylla\Mylla\user.home;C:\Users\Arnar\.m2\repository\junit\junit\4.0\junit-4.0.jar;"/>
    <property name="java.vm.specification.version" value="1.7"/>
    <property name="sun.arch.data.model" value="32"/>
    <property name="java.home" value="C:\jdk1.7.0\jre"/>
    <property name="sun.java.command" value="C:\Users\Arnar\TTT\Mylla\Mylla\target\surefire\surefirebooter6522556857889384616.jar C:\Users\Arnar\TTT\Mylla\Mylla\target\surefire\surefire7879211662679144006tmp C:\Users\Arnar\TTT\Mylla\Mylla\target\surefire\surefire3358036780058849408tmp"/>
    <property name="java.specification.vendor" value="Oracle Corporation"/>
    <property name="user.language" value="en"/>
    <property name="user.language.format" value="is"/>
    <property name="awt.toolkit" value="sun.awt.windows.WToolkit"/>
    <property name="java.vm.info" value="mixed mode, sharing"/>
    <property name="java.version" value="1.7.0"/>
    <property name="java.ext.dirs" value="C:\jdk1.7.0\jre\lib\ext;C:\windows\Sun\Java\lib\ext"/>
    <property name="sun.boot.class.path" value="C:\jdk1.7.0\jre\lib\resources.jar;C:\jdk1.7.0\jre\lib\rt.jar;C:\jdk1.7.0\jre\lib\sunrsasign.jar;C:\jdk1.7.0\jre\lib\jsse.jar;C:\jdk1.7.0\jre\lib\jce.jar;C:\jdk1.7.0\jre\lib\charsets.jar;C:\jdk1.7.0\jre\classes"/>
    <property name="java.vendor" value="Oracle Corporation"/>
    <property name="localRepository" value="C:\Users\Arnar\.m2\repository"/>
    <property name="file.separator" value="\"/>
    <property name="java.vendor.url.bug" value="http://bugreport.sun.com/bugreport/"/>
    <property name="sun.cpu.endian" value="little"/>
    <property name="sun.io.unicode.encoding" value="UnicodeLittle"/>
    <property name="sun.desktop" value="windows"/>
    <property name="sun.cpu.isalist" value="pentium_pro+mmx pentium_pro pentium+mmx pentium i486 i386 i86"/>
  </properties>
  <testcase time="0.006" classname="is.marshmallow.TicTacToeTest" name="TestInitializedBoard"/>
  <testcase time="0.002" classname="is.marshmallow.TicTacToeTest" name="TestPlaceMarker"/>
  <testcase time="0.002" classname="is.marshmallow.TicTacToeTest" name="TestCorrectMarker"/>
  <testcase time="0.003" classname="is.marshmallow.TicTacToeTest" name="TestCheckWinnerRow"/>
  <testcase time="0.001" classname="is.marshmallow.TicTacToeTest" name="TestCheckDraw"/>
  <testcase time="0.001" classname="is.marshmallow.TicTacToeTest" name="TestSwitchPlayer"/>
  <testcase time="0.002" classname="is.marshmallow.TicTacToeTest" name="test"/>
</testsuite>